<?xml version="1.0" encoding="UTF-8"?>
<testsuite xmlns:xsi="http://www.w3.org/2001/XMLSchema-instance" xsi:noNamespaceSchemaLocation="https://maven.apache.org/surefire/maven-surefire-plugin/xsd/surefire-test-report.xsd" version="3.0.2" name="com.example.taskmanager.integration.TaskControllerIntegrationTest" time="1.653" tests="20" errors="0" skipped="0" failures="0">
  <properties>
[...]
</properties>
  <testcase name="GET_tasks_filteredByStatusAndPriority_returnsOnlyMatching" classname="com.example.taskmanager.integration.TaskControllerIntegrationTest" time="0.265">
    <system-out><![CDATA[2026-05-20T14:41:37.526-04:00  INFO 25528 --- [task-manager] [           main] t.c.s.AnnotationConfigContextLoaderUtils : Could not detect default configuration classes for test class [com.example.taskmanager.integration.TaskControllerIntegrationTest]: TaskControllerIntegrationTest does not declare any static, non-private, non-final, nested classes annotated with @Configuration.
2026-05-20T14:41:37.534-04:00  INFO 25528 --- [task-manager] [           main] .b.t.c.SpringBootTestContextBootstrapper : Found @SpringBootConfiguration com.example.taskmanager.TaskManagerApplication for test class com.example.taskmanager.integration.TaskControllerIntegrationTest

  .   ____          _            __ _ _
 /\\ / ___'_ __ _ _(_)_ __  __ _ \ \ \ \
( ( )\___ | '_ | '_| | '_ \/ _` | \ \ \ \
 \\/  ___)| |_)| | | | | || (_| |  ) ) ) )
  '  |____| .__|_| |_|_| |_\__, | / / / /
 =========|_|==============|___/=/_/_/_/

 :: Spring Boot ::                (v3.4.5)

2026-05-20T14:41:37.781-04:00  INFO 25528 --- [task-manager] [           main] .s.d.r.c.RepositoryConfigurationDelegate : Bootstrapping Spring Data JPA repositories in DEFAULT mode.
2026-05-20T14:41:37.796-04:00  INFO 25528 --- [task-manager] [           main] .s.d.r.c.RepositoryConfigurationDelegate : Finished Spring Data repository scanning in 14 ms. Found 1 JPA repository interface.
2026-05-20T14:41:37.901-04:00  INFO 25528 --- [task-manager] [           main] com.zaxxer.hikari.HikariDataSource       : HikariPool-2 - Starting...
2026-05-20T14:41:37.902-04:00  INFO 25528 --- [task-manager] [           main] com.zaxxer.hikari.pool.HikariPool        : HikariPool-2 - Added connection conn10: url=jdbc:h2:mem:taskdb user=SA
2026-05-20T14:41:37.903-04:00  INFO 25528 --- [task-manager] [           main] com.zaxxer.hikari.HikariDataSource       : HikariPool-2 - Start completed.
2026-05-20T14:41:37.904-04:00  INFO 25528 --- [task-manager] [           main] org.flywaydb.core.FlywayExecutor         : Database: jdbc:h2:mem:taskdb (H2 2.3)
2026-05-20T14:41:37.906-04:00  WARN 25528 --- [task-manager] [           main] o.f.c.internal.database.base.Database    : Flyway upgrade recommended: H2 2.3.232 is newer than this version of Flyway and support has not been tested. The latest supported version of H2 is 2.2.224.
2026-05-20T14:41:37.913-04:00  INFO 25528 --- [task-manager] [           main] o.f.core.internal.command.DbValidate     : Successfully validated 1 migration (execution time 00:00.005s)
2026-05-20T14:41:37.921-04:00  INFO 25528 --- [task-manager] [           main] o.f.core.internal.command.DbMigrate      : Current version of schema "PUBLIC": 1
2026-05-20T14:41:37.922-04:00  INFO 25528 --- [task-manager] [           main] o.f.core.internal.command.DbMigrate      : Schema "PUBLIC" is up to date. No migration necessary.
2026-05-20T14:41:37.943-04:00  INFO 25528 --- [task-manager] [           main] o.hibernate.jpa.internal.util.LogHelper  : HHH000204: Processing PersistenceUnitInfo [name: default]
2026-05-20T14:41:37.948-04:00  INFO 25528 --- [task-manager] [           main] o.h.c.internal.RegionFactoryInitiator    : HHH000026: Second-level cache disabled
2026-05-20T14:41:37.966-04:00  INFO 25528 --- [task-manager] [           main] o.s.o.j.p.SpringPersistenceUnitInfo      : No LoadTimeWeaver setup: ignoring JPA class transformer
2026-05-20T14:41:37.968-04:00  WARN 25528 --- [task-manager] [           main] org.hibernate.orm.deprecation            : HHH90000025: H2Dialect does not need to be specified explicitly using 'hibernate.dialect' (remove the property setting and it will be selected by default)
2026-05-20T14:41:37.968-04:00  INFO 25528 --- [task-manager] [           main] org.hibernate.orm.connections.pooling    : HHH10001005: Database info:
	Database JDBC URL [Connecting through datasource 'HikariDataSource (HikariPool-2)']
	Database driver: undefined/unknown
	Database version: 2.3.232
	Autocommit mode: undefined/unknown
	Isolation level: undefined/unknown
	Minimum pool size: undefined/unknown
	Maximum pool size: undefined/unknown
2026-05-20T14:41:38.004-04:00  INFO 25528 --- [task-manager] [           main] o.h.e.t.j.p.i.JtaPlatformInitiator       : HHH000489: No JTA platform available (set 'hibernate.transaction.jta.platform' to enable JTA platform integration)
2026-05-20T14:41:38.007-04:00  INFO 25528 --- [task-manager] [           main] j.LocalContainerEntityManagerFactoryBean : Initialized JPA EntityManagerFactory for persistence unit 'default'
2026-05-20T14:41:38.119-04:00  INFO 25528 --- [task-manager] [           main] o.s.b.a.w.s.WelcomePageHandlerMapping    : Adding welcome page: class path resource [static/index.html]
2026-05-20T14:41:38.184-04:00  INFO 25528 --- [task-manager] [           main] o.s.b.a.h2.H2ConsoleAutoConfiguration    : H2 console available at '/h2-console'. Database available at 'jdbc:h2:mem:taskdb'
2026-05-20T14:41:38.198-04:00  INFO 25528 --- [task-manager] [           main] o.s.b.t.m.w.SpringBootMockServletContext : Initializing Spring TestDispatcherServlet ''
2026-05-20T14:41:38.199-04:00  INFO 25528 --- [task-manager] [           main] o.s.t.web.servlet.TestDispatcherServlet  : Initializing Servlet ''
2026-05-20T14:41:38.200-04:00  INFO 25528 --- [task-manager] [           main] o.s.t.web.servlet.TestDispatcherServlet  : Completed initialization in 1 ms
]]></system-out>
  </testcase>
  <testcase name="POST_task_blankTitle_returns400" classname="com.example.taskmanager.integration.TaskControllerIntegrationTest" time="0.07"/>
  <testcase name="GET_task_notFound_returnsErrorEnvelope" classname="com.example.taskmanager.integration.TaskControllerIntegrationTest" time="0.014"/>
  <testcase name="GET_tasks_returnsAllTasks" classname="com.example.taskmanager.integration.TaskControllerIntegrationTest" time="0.026"/>
  <testcase name="GET_task_byId_returnsFullPayload" classname="com.example.taskmanager.integration.TaskControllerIntegrationTest" time="0.014"/>
  <testcase name="PATCH_task_updatesTimestamp" classname="com.example.taskmanager.integration.TaskControllerIntegrationTest" time="0.048"/>
  <testcase name="GET_tasks_emptyDatabase_returnsEmptyArray" classname="com.example.taskmanager.integration.TaskControllerIntegrationTest" time="0.008"/>
  <testcase name="PUT_task_notFound_returns404" classname="com.example.taskmanager.integration.TaskControllerIntegrationTest" time="0.008"/>
  <testcase name="PUT_task_replacesAllFields" classname="com.example.taskmanager.integration.TaskControllerIntegrationTest" time="0.012"/>
  <testcase name="DELETE_task_removesFromDatabase" classname="com.example.taskmanager.integration.TaskControllerIntegrationTest" time="0.333"/>
  <testcase name="GET_tasks_filteredByPriority_returnsOnlyMatching" classname="com.example.taskmanager.integration.TaskControllerIntegrationTest" time="0.022"/>
  <testcase name="POST_task_titleOnly_appliesEntityDefaults" classname="com.example.taskmanager.integration.TaskControllerIntegrationTest" time="0.018"/>
  <testcase name="GET_tasks_filteredByStatus_returnsOnlyMatching" classname="com.example.taskmanager.integration.TaskControllerIntegrationTest" time="0.015"/>
  <testcase name="POST_task_missingTitle_returns400WithFieldError" classname="com.example.taskmanager.integration.TaskControllerIntegrationTest" time="0.007"/>
  <testcase name="PATCH_task_singleField_leavesOthersUnchanged" classname="com.example.taskmanager.integration.TaskControllerIntegrationTest" time="0.009"/>
  <testcase name="POST_task_fullRequest_persistsAllFields" classname="com.example.taskmanager.integration.TaskControllerIntegrationTest" time="0.01"/>
  <testcase name="DELETE_task_notFound_returns404" classname="com.example.taskmanager.integration.TaskControllerIntegrationTest" time="0.007"/>
  <testcase name="PATCH_task_notFound_returns404" classname="com.example.taskmanager.integration.TaskControllerIntegrationTest" time="0.007"/>
  <testcase name="DELETE_task_isIdempotentAtHttpLevel" classname="com.example.taskmanager.integration.TaskControllerIntegrationTest" time="0.01"/>
  <testcase name="POST_task_returnsLocationHeader" classname="com.example.taskmanager.integration.TaskControllerIntegrationTest" time="0.017"/>
</testsuite>